<?xml version="1.0" encoding="UTF-8"?>
<testng-results ignored="0" total="1" passed="1" failed="0" skipped="0">
  <reporter-output>
  </reporter-output>
  <suite started-at="2022-08-25T13:21:47 IST" name="Default suite" finished-at="2022-08-25T13:22:14 IST" duration-ms="27016">
    <groups>
    </groups>
    <test started-at="2022-08-25T13:21:47 IST" name="Default test" finished-at="2022-08-25T13:22:14 IST" duration-ms="27016">
      <class name="com.Ecommerce.Infosys.Scripts.TestCase3">
        <test-method is-config="true" signature="configBS()[pri:0, instance:com.Ecommerce.Infosys.Scripts.TestCase3@3ee37e5a]" started-at="2022-08-25T13:21:46 IST" name="configBS" finished-at="2022-08-25T13:21:47 IST" duration-ms="1062" status="PASS">
          <reporter-output>
          </reporter-output>
        </test-method> <!-- configBS -->
        <test-method is-config="true" signature="openApp()[pri:0, instance:com.Ecommerce.Infosys.Scripts.TestCase3@3ee37e5a]" started-at="2022-08-25T13:21:47 IST" name="openApp" finished-at="2022-08-25T13:21:55 IST" duration-ms="7785" status="PASS">
          <reporter-output>
          </reporter-output>
        </test-method> <!-- openApp -->
        <test-method signature="tc3()[pri:0, instance:com.Ecommerce.Infosys.Scripts.TestCase3@3ee37e5a]" started-at="2022-08-25T13:21:55 IST" name="tc3" finished-at="2022-08-25T13:22:13 IST" duration-ms="18141" status="PASS">
          <reporter-output>
          </reporter-output>
        </test-method> <!-- tc3 -->
        <test-method is-config="true" signature="closeApp(org.testng.ITestResult)[pri:0, instance:com.Ecommerce.Infosys.Scripts.TestCase3@3ee37e5a]" started-at="2022-08-25T13:22:13 IST" name="closeApp" finished-at="2022-08-25T13:22:14 IST" duration-ms="1041" status="PASS">
          <params>
            <param index="0">
              <value>
                <![CDATA[[TestResult name=tc3 status=SUCCESS method=TestCase3.tc3()[pri:0, instance:com.Ecommerce.Infosys.Scripts.TestCase3@3ee37e5a] output={null}]]]>
              </value>
            </param>
          </params>
          <reporter-output>
          </reporter-output>
        </test-method> <!-- closeApp -->
        <test-method is-config="true" signature="configAS()[pri:0, instance:com.Ecommerce.Infosys.Scripts.TestCase3@3ee37e5a]" started-at="2022-08-25T13:22:14 IST" name="configAS" finished-at="2022-08-25T13:22:15 IST" duration-ms="349" status="PASS">
          <reporter-output>
          </reporter-output>
        </test-method> <!-- configAS -->
      </class> <!-- com.Ecommerce.Infosys.Scripts.TestCase3 -->
    </test> <!-- Default test -->
  </suite> <!-- Default suite -->
</testng-results>
